c:\users\menos\source\repos\project3\project3\debug\vc142.pdb
c:\users\menos\source\repos\project3\project3\debug\vc142.idb
c:\users\menos\source\repos\project3\project3\debug\ソース1.obj
c:\users\menos\source\repos\project3\debug\project3.pdb
c:\users\menos\source\repos\project3\project3\debug\project3.tlog\cl.command.1.tlog
c:\users\menos\source\repos\project3\project3\debug\project3.tlog\cl.read.1.tlog
c:\users\menos\source\repos\project3\project3\debug\project3.tlog\cl.write.1.tlog
c:\users\menos\source\repos\project3\project3\debug\project3.tlog\link-cvtres.read.1.tlog
c:\users\menos\source\repos\project3\project3\debug\project3.tlog\link-cvtres.write.1.tlog
c:\users\menos\source\repos\project3\project3\debug\project3.tlog\link-rc.read.1.tlog
c:\users\menos\source\repos\project3\project3\debug\project3.tlog\link-rc.write.1.tlog
c:\users\menos\source\repos\project3\project3\debug\project3.tlog\link.16548-cvtres.read.1.tlog
c:\users\menos\source\repos\project3\project3\debug\project3.tlog\link.16548-cvtres.write.1.tlog
c:\users\menos\source\repos\project3\project3\debug\project3.tlog\link.16548-rc.read.1.tlog
c:\users\menos\source\repos\project3\project3\debug\project3.tlog\link.16548-rc.write.1.tlog
c:\users\menos\source\repos\project3\project3\debug\project3.tlog\link.16548.read.1.tlog
c:\users\menos\source\repos\project3\project3\debug\project3.tlog\link.16548.write.1.tlog
c:\users\menos\source\repos\project3\project3\debug\project3.tlog\link.command.1.tlog
c:\users\menos\source\repos\project3\project3\debug\project3.tlog\link.read.1.tlog
c:\users\menos\source\repos\project3\project3\debug\project3.tlog\link.write.1.tlog
